[DEBUG] 2024-07-07 20:34:33.886 [Thread-4] Server - Creating file: C:\Users\geo\OneDrive\_Programming\Java\IntelliJ\MultimediaApp\src\main\resources\videos\jellyfish-1080p.mp4
[DEBUG] 2024-07-07 20:34:45.650 [Thread-4] Server - Creating file: C:\Users\geo\OneDrive\_Programming\Java\IntelliJ\MultimediaApp\src\main\resources\videos\jellyfish-720p.mp4
[DEBUG] 2024-07-07 20:34:53.639 [Thread-4] Server - Creating file: C:\Users\geo\OneDrive\_Programming\Java\IntelliJ\MultimediaApp\src\main\resources\videos\jellyfish-480p.mp4
[DEBUG] 2024-07-07 20:34:57.804 [Thread-4] Server - Creating file: C:\Users\geo\OneDrive\_Programming\Java\IntelliJ\MultimediaApp\src\main\resources\videos\jellyfish-360p.mp4
[DEBUG] 2024-07-07 20:35:00.690 [Thread-4] Server - Creating file: C:\Users\geo\OneDrive\_Programming\Java\IntelliJ\MultimediaApp\src\main\resources\videos\jellyfish-240p.mp4
[DEBUG] 2024-07-07 20:35:02.488 [Thread-4] Server - Creating file: C:\Users\geo\OneDrive\_Programming\Java\IntelliJ\MultimediaApp\src\main\resources\videos\jellyfish-720p.avi
[DEBUG] 2024-07-07 20:35:03.666 [Thread-4] Server - Creating file: C:\Users\geo\OneDrive\_Programming\Java\IntelliJ\MultimediaApp\src\main\resources\videos\jellyfish-480p.avi
[DEBUG] 2024-07-07 20:35:04.633 [Thread-4] Server - Creating file: C:\Users\geo\OneDrive\_Programming\Java\IntelliJ\MultimediaApp\src\main\resources\videos\jellyfish-360p.avi
[DEBUG] 2024-07-07 20:35:05.449 [Thread-4] Server - Creating file: C:\Users\geo\OneDrive\_Programming\Java\IntelliJ\MultimediaApp\src\main\resources\videos\jellyfish-240p.avi
[DEBUG] 2024-07-07 20:35:06.184 [Thread-4] Server - Creating file: C:\Users\geo\OneDrive\_Programming\Java\IntelliJ\MultimediaApp\src\main\resources\videos\jellyfish-1080p.mkv
[DEBUG] 2024-07-07 20:35:17.665 [Thread-4] Server - Creating file: C:\Users\geo\OneDrive\_Programming\Java\IntelliJ\MultimediaApp\src\main\resources\videos\jellyfish-720p.mkv
[DEBUG] 2024-07-07 20:35:25.429 [Thread-4] Server - Creating file: C:\Users\geo\OneDrive\_Programming\Java\IntelliJ\MultimediaApp\src\main\resources\videos\jellyfish-480p.mkv
[DEBUG] 2024-07-07 20:35:29.617 [Thread-4] Server - Creating file: C:\Users\geo\OneDrive\_Programming\Java\IntelliJ\MultimediaApp\src\main\resources\videos\jellyfish-360p.mkv
[DEBUG] 2024-07-07 20:35:32.546 [Thread-4] Server - Creating file: C:\Users\geo\OneDrive\_Programming\Java\IntelliJ\MultimediaApp\src\main\resources\videos\jellyfish-240p.mkv
[INFO ] 2024-07-07 20:35:34.910 [Thread-4] Server - Server is running...
[DEBUG] 2024-07-07 20:35:51.779 [Thread-4] Server - Connected to client at /127.0.0.1:60606
[DEBUG] 2024-07-07 20:35:51.785 [JavaFX Application Thread] Client - Client connected at: 127.0.0.1:8888
[INFO ] 2024-07-07 20:35:52.360 [Thread-3] Client - Speed Test Started
[INFO ] 2024-07-07 20:35:57.367 [pool-3-thread-1] Client - Speed Test Completed
[DEBUG] 2024-07-07 20:35:57.368 [pool-3-thread-1] Client - Download Speed: 1550 Kbps
[DEBUG] 2024-07-07 20:36:35.337 [JavaFX Application Thread] Client - Sent: format: mkv, speed: 1550
[DEBUG] 2024-07-07 20:36:35.348 [Thread-4] Server - Received: Format: mkv, Download Speed: 1550 Kbps
[DEBUG] 2024-07-07 20:36:35.353 [JavaFX Application Thread] Client - Received: available videos for streaming: [jellyfish-240p.mkv, jellyfish-360p.mkv, jellyfish-480p.mkv]
[INFO ] 2024-07-07 20:36:35.353 [JavaFX Application Thread] Client - List view items loaded
[DEBUG] 2024-07-07 20:37:39.775 [JavaFX Application Thread] Client - Sent: selected video's name: jellyfish-360p.mkv, protocol: TCP
[DEBUG] 2024-07-07 20:37:39.780 [Thread-4] Server - Requested Video Info:  Name: jellyfish-360p, Format: mkv, Protocol: TCP
[DEBUG] 2024-07-07 20:37:39.781 [Thread-4] Server - Selected Video's Path: src/main/resources/videos/jellyfish-360p.mkv, Resolution: 360
[DEBUG] 2024-07-07 20:37:39.782 [JavaFX Application Thread] Client - Received: code: 1 (video found)
[INFO ] 2024-07-07 20:37:39.787 [Thread-37] Server - Streaming started
[INFO ] 2024-07-07 20:37:41.665 [Thread-4] Client - Video started
[INFO ] 2024-07-07 20:38:01.071 [Thread-37] Server - Streaming completed
[INFO ] 2024-07-07 20:38:33.091 [Thread-4] Client - Video ended
[DEBUG] 2024-07-07 20:38:47.492 [JavaFX Application Thread] Client - Sent: format: mp4, speed: 1550
[DEBUG] 2024-07-07 20:38:47.493 [Thread-4] Server - Received: Format: mp4, Download Speed: 1550 Kbps
[DEBUG] 2024-07-07 20:38:47.493 [JavaFX Application Thread] Client - Received: available videos for streaming: [jellyfish-240p.mp4, jellyfish-360p.mp4, jellyfish-480p.mp4]
[INFO ] 2024-07-07 20:38:47.493 [JavaFX Application Thread] Client - List view items loaded
[DEBUG] 2024-07-07 20:39:11.445 [JavaFX Application Thread] Client - Sent: selected video's name: jellyfish-240p.mp4, protocol: UDP
[DEBUG] 2024-07-07 20:39:11.446 [Thread-4] Server - Requested Video Info:  Name: jellyfish-240p, Format: mp4, Protocol: UDP
[DEBUG] 2024-07-07 20:39:11.446 [Thread-4] Server - Selected Video's Path: src/main/resources/videos/jellyfish-240p.mp4, Resolution: 240
[DEBUG] 2024-07-07 20:39:11.447 [JavaFX Application Thread] Client - Received: code: 1 (video found)
[INFO ] 2024-07-07 20:39:11.451 [Thread-38] Server - Streaming started
[INFO ] 2024-07-07 20:39:11.451 [Thread-6] Client - Video started
[INFO ] 2024-07-07 20:39:40.943 [Thread-38] Server - Streaming completed
[INFO ] 2024-07-07 20:39:50.012 [Thread-6] Client - Video ended
[DEBUG] 2024-07-07 20:39:56.576 [JavaFX Application Thread] Client - Sent: format: avi, speed: 1550
[DEBUG] 2024-07-07 20:39:56.577 [Thread-4] Server - Received: Format: avi, Download Speed: 1550 Kbps
[DEBUG] 2024-07-07 20:39:56.577 [JavaFX Application Thread] Client - Received: available videos for streaming: [jellyfish-240p.avi, jellyfish-360p.avi, jellyfish-480p.avi]
[INFO ] 2024-07-07 20:39:56.578 [JavaFX Application Thread] Client - List view items loaded
[DEBUG] 2024-07-07 20:40:13.434 [JavaFX Application Thread] Client - Sent: selected video's name: jellyfish-480p.avi, protocol: RTP/UDP
[DEBUG] 2024-07-07 20:40:13.434 [Thread-4] Server - Requested Video Info:  Name: jellyfish-480p, Format: avi, Protocol: RTP/UDP
[DEBUG] 2024-07-07 20:40:13.435 [Thread-4] Server - Selected Video's Path: src/main/resources/videos/jellyfish-480p.avi, Resolution: 480
[DEBUG] 2024-07-07 20:40:13.435 [JavaFX Application Thread] Client - Received: code: 1 (video found)
[INFO ] 2024-07-07 20:40:13.439 [Thread-8] Client - Video started
[INFO ] 2024-07-07 20:40:13.439 [Thread-39] Server - Streaming started
[INFO ] 2024-07-07 20:40:42.975 [Thread-39] Server - Streaming completed
[INFO ] 2024-07-07 20:41:12.276 [Thread-8] Client - Video ended
[INFO ] 2024-07-07 20:41:39.389 [JavaFX Application Thread] Client - Closing connection...
[ERROR] 2024-07-07 20:41:39.390 [Thread-4] Server - Stream closed by client !
[INFO ] 2024-07-07 20:41:39.391 [Thread-4] Server - Client connection closed